[debug] [2025-03-07T18:40:56.876Z] ----------------------------------------------------------------------
[debug] [2025-03-07T18:40:56.878Z] Command:       C:\Program Files\nodejs\node.exe C:\Users\guilh\AppData\Roaming\npm\node_modules\firebase-tools\lib\bin\firebase.js init
[debug] [2025-03-07T18:40:56.879Z] CLI Version:   13.33.0
[debug] [2025-03-07T18:40:56.879Z] Platform:      win32
[debug] [2025-03-07T18:40:56.879Z] Node Version:  v22.13.1
[debug] [2025-03-07T18:40:56.879Z] Time:          Fri Mar 07 2025 15:40:56 GMT-0300 (Horário Padrão de Brasília)
[debug] [2025-03-07T18:40:56.879Z] ----------------------------------------------------------------------
[debug] 
[debug] [2025-03-07T18:40:56.887Z] > command requires scopes: ["email","openid","https://www.googleapis.com/auth/cloudplatformprojects.readonly","https://www.googleapis.com/auth/firebase","https://www.googleapis.com/auth/cloud-platform"]
[debug] [2025-03-07T18:40:56.887Z] > authorizing via signed-in user (guilherme@dropsmart.com.br)
[info] 
     ######## #### ########  ######## ########     ###     ######  ########
     ##        ##  ##     ## ##       ##     ##  ##   ##  ##       ##
     ######    ##  ########  ######   ########  #########  ######  ######
     ##        ##  ##    ##  ##       ##     ## ##     ##       ## ##
     ##       #### ##     ## ######## ########  ##     ##  ######  ########

You're about to initialize a Firebase project in this directory:

  C:\Users\guilh\Desktop\code\dashboard

[info] 
=== Project Setup
[info] 
[info] First, let's associate this project directory with a Firebase project.
[info] You can create multiple project aliases by running firebase use --add, 
[info] but for now we'll just set up a default project.
[info] 
[debug] [2025-03-07T18:41:50.821Z] Checked if tokens are valid: true, expires at: 1741376437819
[debug] [2025-03-07T18:41:50.822Z] Checked if tokens are valid: true, expires at: 1741376437819
[debug] [2025-03-07T18:41:50.824Z] >>> [apiv2][query] GET https://firebase.googleapis.com/v1beta1/projects pageSize=100
[debug] [2025-03-07T18:41:51.697Z] <<< [apiv2][status] GET https://firebase.googleapis.com/v1beta1/projects 200
[debug] [2025-03-07T18:41:51.698Z] <<< [apiv2][body] GET https://firebase.googleapis.com/v1beta1/projects [omitted]
[info] i  Using project dropsmartz (dropsmartz) 
[info] 
=== Hosting Setup
[debug] [2025-03-07T18:41:53.472Z] Checked if tokens are valid: true, expires at: 1741376437819
[debug] [2025-03-07T18:41:53.472Z] Checked if tokens are valid: true, expires at: 1741376437819
[debug] [2025-03-07T18:41:53.472Z] >>> [apiv2][query] GET https://firebase.googleapis.com/v1beta1/projects/dropsmartz [none]
[debug] [2025-03-07T18:41:53.973Z] <<< [apiv2][status] GET https://firebase.googleapis.com/v1beta1/projects/dropsmartz 200
[debug] [2025-03-07T18:41:53.973Z] <<< [apiv2][body] GET https://firebase.googleapis.com/v1beta1/projects/dropsmartz {"projectId":"dropsmartz","projectNumber":"460151237587","displayName":"dropsmartz","name":"projects/dropsmartz","resources":{"hostingSite":"dropsmartz"},"state":"ACTIVE","etag":"1_6c5f4bd9-a73b-400c-b6b7-fa237a5b4786"}
[info] 
[info] Your public directory is the folder (relative to your project directory) that
[info] will contain Hosting assets to be uploaded with firebase deploy. If you
[info] have a build process for your assets, use your build's output directory.
[info] 
